生成启动时间为 2016/8/8 11:55:43。
     1>项目“E:\SummerCap\detect.vcxproj”在节点 2 上(Build 个目标)。
     1>ClCompile:
         D:\Program Files (x86)\Microsoft Visual Studio 11.0\VC\bin\CL.exe /c /ZI /nologo /W3 /WX- /Od /Oy- /D WIN32 /D _DEBUG /D _CONSOLE /D _UNICODE /D UNICODE /Gm /EHsc /RTC1 /MDd /GS /fp:precise /Zc:wchar_t /Zc:forScope /Fo"Debug\\" /Fd"Debug\vc110.pdb" /Gd /TP /analyze- /errorReport:prompt detect.cpp process.cpp
         process.cpp
     1>e:\summercap\process.cpp(6): warning C4244: “参数”: 从“int”转换到“float”，可能丢失数据
     1>e:\summercap\process.cpp(7): warning C4244: “参数”: 从“int”转换到“float”，可能丢失数据
     1>e:\summercap\process.cpp(8): warning C4244: “参数”: 从“int”转换到“float”，可能丢失数据
     1>e:\summercap\process.cpp(19): warning C4244: “初始化”: 从“float”转换到“int”，可能丢失数据
     1>e:\summercap\process.cpp(20): warning C4244: “初始化”: 从“float”转换到“int”，可能丢失数据
     1>e:\summercap\process.cpp(23): warning C4244: “=”: 从“int”转换到“float”，可能丢失数据
     1>e:\summercap\process.cpp(24): warning C4244: “=”: 从“int”转换到“float”，可能丢失数据
     1>e:\summercap\process.cpp(27): warning C4244: “=”: 从“int”转换到“float”，可能丢失数据
     1>e:\summercap\process.cpp(28): warning C4244: “=”: 从“int”转换到“float”，可能丢失数据
     1>e:\summercap\process.cpp(60): warning C4018: “<”: 有符号/无符号不匹配
     1>e:\summercap\process.cpp(87): warning C4244: “初始化”: 从“double”转换到“int”，可能丢失数据
     1>e:\summercap\process.cpp(169): warning C4018: “<”: 有符号/无符号不匹配
     1>e:\summercap\process.cpp(170): warning C4244: “初始化”: 从“double”转换到“int”，可能丢失数据
     1>e:\summercap\process.cpp(177): warning C4018: “<”: 有符号/无符号不匹配
     1>e:\summercap\process.cpp(178): warning C4244: “初始化”: 从“double”转换到“int”，可能丢失数据
     1>e:\summercap\process.cpp(185): warning C4018: “<”: 有符号/无符号不匹配
     1>e:\summercap\process.cpp(186): warning C4244: “初始化”: 从“double”转换到“int”，可能丢失数据
     1>e:\summercap\process.cpp(200): warning C4018: “<”: 有符号/无符号不匹配
     1>e:\summercap\process.cpp(221): warning C4244: “=”: 从“const int”转换到“float”，可能丢失数据
     1>e:\summercap\process.cpp(222): warning C4244: “=”: 从“const int”转换到“float”，可能丢失数据
     1>e:\summercap\process.cpp(235): warning C4018: “<”: 有符号/无符号不匹配
     1>e:\summercap\process.cpp(315): warning C4244: “参数”: 从“int”转换到“float”，可能丢失数据
     1>e:\summercap\process.cpp(329): warning C4018: “<”: 有符号/无符号不匹配
     1>e:\summercap\process.cpp(408): warning C4244: “初始化”: 从“double”转换到“int”，可能丢失数据
     1>e:\summercap\process.cpp(466): warning C4244: “初始化”: 从“double”转换到“int”，可能丢失数据
     1>e:\summercap\process.cpp(477): warning C4244: “初始化”: 从“double”转换到“float”，可能丢失数据
         detect.cpp
         正在生成代码...
       Link:
         D:\Program Files (x86)\Microsoft Visual Studio 11.0\VC\bin\link.exe /ERRORREPORT:PROMPT /OUT:"E:\SummerCap\Debug\detect.exe" /INCREMENTAL /NOLOGO opencv_ml249d.lib opencv_calib3d249d.lib opencv_contrib249d.lib opencv_core249d.lib opencv_features2d249d.lib opencv_flann249d.lib opencv_gpu249d.lib opencv_highgui249d.lib opencv_imgproc249d.lib opencv_legacy249d.lib opencv_objdetect249d.lib opencv_ts249d.lib opencv_video249d.lib opencv_nonfree249d.lib opencv_ocl249d.lib opencv_photo249d.lib opencv_stitching249d.lib opencv_superres249d.lib opencv_videostab249d.lib opencv_objdetect249.lib opencv_ts249.lib opencv_video249.lib opencv_nonfree249.lib opencv_ocl249.lib opencv_photo249.lib opencv_stitching249.lib opencv_superres249.lib opencv_videostab249.lib opencv_calib3d249.lib opencv_contrib249.lib opencv_core249.lib opencv_features2d249.lib opencv_flann249.lib opencv_gpu249.lib opencv_highgui249.lib opencv_imgproc249.lib opencv_legacy249.lib opencv_ml249.lib kernel32.lib user32.lib gdi32.lib winspool.lib comdlg32.lib advapi32.lib shell32.lib ole32.lib oleaut32.lib uuid.lib odbc32.lib odbccp32.lib /MANIFEST /MANIFESTUAC:"level='asInvoker' uiAccess='false'" /manifest:embed /DEBUG /PDB:"E:\SummerCap\Debug\detect.pdb" /SUBSYSTEM:CONSOLE /TLBID:1 /DYNAMICBASE /NXCOMPAT /IMPLIB:"E:\SummerCap\Debug\detect.lib" /MACHINE:X86 Debug\detect.obj
         Debug\process.obj
         detect.vcxproj -> E:\SummerCap\Debug\detect.exe
     1>已完成生成项目“E:\SummerCap\detect.vcxproj”(Build 个目标)的操作。

生成成功。

已用时间 00:00:14.05
